[  0%] Built target geometry_msgs_generate_messages_cpp
[  6%] Built target hector_gazebo_plugins_gencfg
[  6%] Built target geographic_msgs_generate_messages_cpp
[  6%] Built target _hector_gazebo_plugins_generate_messages_check_deps_SetBias
[  6%] Built target _hector_gazebo_plugins_generate_messages_check_deps_SetReferenceGeoPose
[ 12%] Built target hector_gazebo_ros_magnetic
[ 18%] Built target gazebo_ros_force_based_move
[ 25%] Built target diffdrive_plugin_6w
[ 31%] Built target diffdrive_plugin_multi_wheel
[ 31%] Built target geographic_msgs_generate_messages_eus
[ 31%] Built target geometry_msgs_generate_messages_eus
[ 31%] Built target geometry_msgs_generate_messages_py
[ 31%] Built target geographic_msgs_generate_messages_py
[ 31%] Built target geometry_msgs_generate_messages_nodejs
[ 31%] Built target geographic_msgs_generate_messages_nodejs
[ 31%] Built target geometry_msgs_generate_messages_lisp
[ 31%] Built target geographic_msgs_generate_messages_lisp
[ 37%] Built target hector_gazebo_reset_plugin
[ 43%] Built target hector_servo_plugin
[ 50%] Built target hector_gazebo_plugins_generate_messages_cpp
[ 56%] Built target hector_gazebo_ros_sonar
[ 65%] Built target hector_gazebo_plugins_generate_messages_eus
[ 75%] Built target hector_gazebo_plugins_generate_messages_py
[ 81%] Built target hector_gazebo_plugins_generate_messages_nodejs
[ 87%] Built target hector_gazebo_plugins_generate_messages_lisp
[ 93%] Built target hector_gazebo_ros_gps
[100%] Built target hector_gazebo_ros_imu
[100%] Built target hector_gazebo_plugins_generate_messages
