Symlinking /home/zyx/Workspaces/smb_ws/devel/share/common-lisp/ros/roscpp_tutorials/srv/TwoInts.lisp
Symlinking /home/zyx/Workspaces/smb_ws/devel/share/common-lisp/ros/roscpp_tutorials/srv/_package.lisp
Symlinking /home/zyx/Workspaces/smb_ws/devel/share/common-lisp/ros/roscpp_tutorials/srv/_package_TwoInts.lisp
Symlinking /home/zyx/Workspaces/smb_ws/devel/share/common-lisp/ros/roscpp_tutorials/srv/roscpp_tutorials-srv.asd
Symlinking /home/zyx/Workspaces/smb_ws/devel/share/roscpp_tutorials/cmake/roscpp_tutorialsConfig-version.cmake
Symlinking /home/zyx/Workspaces/smb_ws/devel/share/roscpp_tutorials/cmake/roscpp_tutorials-msg-paths.cmake
Symlinking /home/zyx/Workspaces/smb_ws/devel/share/roscpp_tutorials/cmake/roscpp_tutorials-msg-extras.cmake
Symlinking /home/zyx/Workspaces/smb_ws/devel/share/roscpp_tutorials/cmake/roscpp_tutorialsConfig.cmake
Symlinking /home/zyx/Workspaces/smb_ws/devel/share/gennodejs/ros/roscpp_tutorials/_index.js
Symlinking /home/zyx/Workspaces/smb_ws/devel/share/gennodejs/ros/roscpp_tutorials/srv/_index.js
Symlinking /home/zyx/Workspaces/smb_ws/devel/share/gennodejs/ros/roscpp_tutorials/srv/TwoInts.js
Symlinking /home/zyx/Workspaces/smb_ws/devel/share/roseus/ros/roscpp_tutorials/manifest.l
Symlinking /home/zyx/Workspaces/smb_ws/devel/share/roseus/ros/roscpp_tutorials/srv/TwoInts.l
Symlinking /home/zyx/Workspaces/smb_ws/devel/lib/roscpp_tutorials/listener_unreliable
Symlinking /home/zyx/Workspaces/smb_ws/devel/lib/roscpp_tutorials/listener_with_tracked_object
Symlinking /home/zyx/Workspaces/smb_ws/devel/lib/roscpp_tutorials/custom_callback_processing
Symlinking /home/zyx/Workspaces/smb_ws/devel/lib/roscpp_tutorials/time_api_sleep
Symlinking /home/zyx/Workspaces/smb_ws/devel/lib/roscpp_tutorials/timers
Symlinking /home/zyx/Workspaces/smb_ws/devel/lib/roscpp_tutorials/add_two_ints_server
Symlinking /home/zyx/Workspaces/smb_ws/devel/lib/roscpp_tutorials/listener_async_spin
Symlinking /home/zyx/Workspaces/smb_ws/devel/lib/roscpp_tutorials/add_two_ints_server_class
Symlinking /home/zyx/Workspaces/smb_ws/devel/lib/roscpp_tutorials/listener_threaded_spin
Symlinking /home/zyx/Workspaces/smb_ws/devel/lib/roscpp_tutorials/cached_parameters
Symlinking /home/zyx/Workspaces/smb_ws/devel/lib/roscpp_tutorials/listener_class
Symlinking /home/zyx/Workspaces/smb_ws/devel/lib/roscpp_tutorials/listener_with_userdata
Symlinking /home/zyx/Workspaces/smb_ws/devel/lib/roscpp_tutorials/anonymous_listener
Symlinking /home/zyx/Workspaces/smb_ws/devel/lib/roscpp_tutorials/add_two_ints_client
Symlinking /home/zyx/Workspaces/smb_ws/devel/lib/roscpp_tutorials/babbler
Symlinking /home/zyx/Workspaces/smb_ws/devel/lib/roscpp_tutorials/node_handle_namespaces
Symlinking /home/zyx/Workspaces/smb_ws/devel/lib/roscpp_tutorials/listener_multiple
Symlinking /home/zyx/Workspaces/smb_ws/devel/lib/roscpp_tutorials/parameters
Symlinking /home/zyx/Workspaces/smb_ws/devel/lib/roscpp_tutorials/listener
Symlinking /home/zyx/Workspaces/smb_ws/devel/lib/roscpp_tutorials/talker
Symlinking /home/zyx/Workspaces/smb_ws/devel/lib/roscpp_tutorials/notify_connect
Symlinking /home/zyx/Workspaces/smb_ws/devel/lib/python3/dist-packages/roscpp_tutorials/__init__.py
Symlinking /home/zyx/Workspaces/smb_ws/devel/lib/python3/dist-packages/roscpp_tutorials/srv/_TwoInts.py
Symlinking /home/zyx/Workspaces/smb_ws/devel/lib/python3/dist-packages/roscpp_tutorials/srv/__init__.py
Symlinking /home/zyx/Workspaces/smb_ws/devel/lib/pkgconfig/roscpp_tutorials.pc
Symlinking /home/zyx/Workspaces/smb_ws/devel/include/roscpp_tutorials/TwoIntsRequest.h
Symlinking /home/zyx/Workspaces/smb_ws/devel/include/roscpp_tutorials/TwoIntsResponse.h
Symlinking /home/zyx/Workspaces/smb_ws/devel/include/roscpp_tutorials/TwoInts.h
